supervisor: couldn't chdir to /srv/apps/previsioni: EACCES
supervisor: child process was not spawned
supervisor: couldn't chdir to /srv/apps/previsioni: EACCES
supervisor: child process was not spawned
supervisor: couldn't chdir to /srv/apps/previsioni: EACCES
supervisor: child process was not spawned
supervisor: couldn't chdir to /srv/apps/previsioni: EACCES
supervisor: child process was not spawned
supervisor: couldn't chdir to /srv/apps/previsioni: EACCES
supervisor: child process was not spawned
supervisor: couldn't chdir to /srv/apps/previsioni: EACCES
supervisor: child process was not spawned
supervisor: couldn't chdir to /srv/apps/previsioni: EACCES
supervisor: child process was not spawned
supervisor: couldn't chdir to /srv/apps/previsioni: EACCES
supervisor: child process was not spawned
supervisor: couldn't chdir to /srv/apps/previsioni: EACCES
supervisor: child process was not spawned
supervisor: couldn't chdir to /srv/apps/previsioni: EACCES
supervisor: child process was not spawned
supervisor: couldn't chdir to /srv/apps/previsioni: EACCES
supervisor: child process was not spawned
supervisor: couldn't chdir to /srv/apps/previsioni: EACCES
supervisor: child process was not spawned
supervisor: couldn't chdir to /srv/apps/previsioni: EACCES
supervisor: child process was not spawned
supervisor: couldn't chdir to /srv/apps/previsioni: EACCES
supervisor: child process was not spawned
supervisor: couldn't chdir to /srv/apps/previsioni: EACCES
supervisor: child process was not spawned
supervisor: couldn't chdir to /srv/apps/previsioni: EACCES
supervisor: child process was not spawned
[2025-11-04 10:24:06 +0000] [1148334] [INFO] Starting gunicorn 23.0.0
[2025-11-04 10:24:06 +0000] [1148334] [INFO] Listening at: http://127.0.0.1:5000 (1148334)
[2025-11-04 10:24:06 +0000] [1148334] [INFO] Using worker: sync
[2025-11-04 10:24:06 +0000] [1148336] [INFO] Booting worker with pid: 1148336
[2025-11-04 10:24:06 +0000] [1148337] [INFO] Booting worker with pid: 1148337
[2025-11-04 10:26:02 +0000] [1148337] [INFO] Worker exiting (pid: 1148337)
[2025-11-04 10:26:02 +0000] [1148336] [INFO] Worker exiting (pid: 1148336)
[2025-11-04 10:26:02 +0000] [1148334] [INFO] Handling signal: term
[2025-11-04 10:26:02 +0000] [1148334] [ERROR] Worker (pid:1148336) was sent SIGTERM!
[2025-11-04 10:26:02 +0000] [1148334] [ERROR] Worker (pid:1148337) was sent SIGTERM!
[2025-11-04 10:26:02 +0000] [1148334] [INFO] Shutting down: Master
[2025-11-04 10:26:03 +0000] [1148777] [INFO] Starting gunicorn 23.0.0
[2025-11-04 10:26:03 +0000] [1148777] [INFO] Listening at: http://0.0.0.0:5000 (1148777)
[2025-11-04 10:26:03 +0000] [1148777] [INFO] Using worker: sync
[2025-11-04 10:26:03 +0000] [1148779] [INFO] Booting worker with pid: 1148779
[2025-11-04 10:26:03 +0000] [1148780] [INFO] Booting worker with pid: 1148780
[2025-11-04 11:25:03 +0000] [1148779] [INFO] Worker exiting (pid: 1148779)
[2025-11-04 11:25:03 +0000] [1148780] [INFO] Worker exiting (pid: 1148780)
[2025-11-04 11:25:03 +0000] [1148777] [INFO] Handling signal: term
[2025-11-04 11:25:03 +0000] [1148777] [ERROR] Worker (pid:1148779) was sent SIGTERM!
[2025-11-04 11:25:03 +0000] [1148777] [ERROR] Worker (pid:1148780) was sent SIGTERM!
[2025-11-04 11:25:03 +0000] [1148777] [INFO] Shutting down: Master
[2025-11-04 11:25:38 +0000] [1162074] [INFO] Starting gunicorn 23.0.0
[2025-11-04 11:25:38 +0000] [1162074] [INFO] Listening at: http://0.0.0.0:5000 (1162074)
[2025-11-04 11:25:38 +0000] [1162074] [INFO] Using worker: sync
[2025-11-04 11:25:38 +0000] [1162076] [INFO] Booting worker with pid: 1162076
[2025-11-04 11:25:38 +0000] [1162077] [INFO] Booting worker with pid: 1162077
[2025-11-04 11:26:53 +0000] [1162077] [INFO] Worker exiting (pid: 1162077)
[2025-11-04 11:26:53 +0000] [1162076] [INFO] Worker exiting (pid: 1162076)
[2025-11-04 11:26:53 +0000] [1162074] [INFO] Handling signal: term
[2025-11-04 11:26:53 +0000] [1162074] [ERROR] Worker (pid:1162076) was sent SIGTERM!
[2025-11-04 11:26:53 +0000] [1162074] [ERROR] Worker (pid:1162077) was sent SIGTERM!
[2025-11-04 11:26:53 +0000] [1162074] [INFO] Shutting down: Master
[2025-11-04 11:29:39 +0000] [1162825] [INFO] Starting gunicorn 23.0.0
[2025-11-04 11:29:39 +0000] [1162825] [INFO] Listening at: http://0.0.0.0:5000 (1162825)
[2025-11-04 11:29:39 +0000] [1162825] [INFO] Using worker: sync
[2025-11-04 11:29:39 +0000] [1162826] [INFO] Booting worker with pid: 1162826
[2025-11-04 11:29:39 +0000] [1162827] [INFO] Booting worker with pid: 1162827
[2025-11-04 11:32:55 +0000] [1162897] [INFO] Starting gunicorn 23.0.0
[2025-11-04 11:32:55 +0000] [1162897] [ERROR] Connection in use: ('0.0.0.0', 5000)
[2025-11-04 11:32:55 +0000] [1162897] [ERROR] connection to ('0.0.0.0', 5000) failed: [Errno 98] Address already in use
[2025-11-04 11:32:56 +0000] [1162897] [ERROR] Connection in use: ('0.0.0.0', 5000)
[2025-11-04 11:32:56 +0000] [1162897] [ERROR] connection to ('0.0.0.0', 5000) failed: [Errno 98] Address already in use
[2025-11-04 11:32:57 +0000] [1162897] [INFO] Listening at: http://0.0.0.0:5000 (1162897)
[2025-11-04 11:32:57 +0000] [1162897] [INFO] Using worker: sync
[2025-11-04 11:32:57 +0000] [1162898] [INFO] Booting worker with pid: 1162898
[2025-11-04 11:32:57 +0000] [1162899] [INFO] Booting worker with pid: 1162899
[2025-11-04 11:36:12 +0000] [1162898] [INFO] Worker exiting (pid: 1162898)
[2025-11-04 11:36:12 +0000] [1162899] [INFO] Worker exiting (pid: 1162899)
[2025-11-04 11:36:12 +0000] [1162897] [INFO] Handling signal: term
[2025-11-04 11:36:12 +0000] [1162897] [ERROR] Worker (pid:1162899) was sent SIGTERM!
[2025-11-04 11:36:12 +0000] [1162897] [ERROR] Worker (pid:1162898) was sent SIGTERM!
[2025-11-04 11:36:12 +0000] [1162897] [INFO] Shutting down: Master
[2025-11-04 11:36:26 +0000] [1162995] [INFO] Starting gunicorn 23.0.0
[2025-11-04 11:36:26 +0000] [1162995] [INFO] Listening at: http://0.0.0.0:5000 (1162995)
[2025-11-04 11:36:26 +0000] [1162995] [INFO] Using worker: sync
[2025-11-04 11:36:26 +0000] [1162996] [INFO] Booting worker with pid: 1162996
[2025-11-04 11:36:26 +0000] [1162997] [INFO] Booting worker with pid: 1162997
[2025-11-04 11:36:49 +0000] [1162997] [INFO] Worker exiting (pid: 1162997)
[2025-11-04 11:36:49 +0000] [1162996] [INFO] Worker exiting (pid: 1162996)
[2025-11-04 11:36:49 +0000] [1162995] [INFO] Handling signal: term
[2025-11-04 11:36:49 +0000] [1162995] [ERROR] Worker (pid:1162996) was sent SIGTERM!
[2025-11-04 11:36:49 +0000] [1162995] [ERROR] Worker (pid:1162997) was sent SIGTERM!
[2025-11-04 11:36:49 +0000] [1162995] [INFO] Shutting down: Master
[2025-11-04 11:37:41 +0000] [1163042] [INFO] Starting gunicorn 23.0.0
[2025-11-04 11:37:41 +0000] [1163042] [INFO] Listening at: http://0.0.0.0:5010 (1163042)
[2025-11-04 11:37:41 +0000] [1163042] [INFO] Using worker: sync
[2025-11-04 11:37:41 +0000] [1163043] [INFO] Booting worker with pid: 1163043
[2025-11-04 11:37:41 +0000] [1163044] [INFO] Booting worker with pid: 1163044
[2025-11-04 11:38:04 +0000] [1163044] [INFO] Worker exiting (pid: 1163044)
[2025-11-04 11:38:04 +0000] [1163043] [INFO] Worker exiting (pid: 1163043)
[2025-11-04 11:38:04 +0000] [1163042] [INFO] Handling signal: term
[2025-11-04 11:38:04 +0000] [1163042] [ERROR] Worker (pid:1163044) was sent SIGTERM!
[2025-11-04 11:38:04 +0000] [1163042] [ERROR] Worker (pid:1163043) was sent SIGTERM!
[2025-11-04 11:38:04 +0000] [1163042] [INFO] Shutting down: Master
[2025-11-04 11:38:04 +0000] [1163080] [INFO] Starting gunicorn 23.0.0
[2025-11-04 11:38:04 +0000] [1163080] [INFO] Listening at: http://0.0.0.0:5010 (1163080)
[2025-11-04 11:38:04 +0000] [1163080] [INFO] Using worker: sync
[2025-11-04 11:38:04 +0000] [1163081] [INFO] Booting worker with pid: 1163081
[2025-11-04 11:38:04 +0000] [1163082] [INFO] Booting worker with pid: 1163082
[2025-11-04 15:54:11 +0000] [1163082] [INFO] Worker exiting (pid: 1163082)
[2025-11-04 15:54:11 +0000] [1163081] [INFO] Worker exiting (pid: 1163081)
[2025-11-04 15:54:11 +0000] [1163080] [INFO] Handling signal: term
[2025-11-04 15:54:11 +0000] [1163080] [ERROR] Worker (pid:1163082) was sent SIGTERM!
[2025-11-04 15:54:11 +0000] [1163080] [ERROR] Worker (pid:1163081) was sent SIGTERM!
[2025-11-04 15:54:11 +0000] [1163080] [INFO] Shutting down: Master
[2025-11-04 15:56:49 +0000] [1165422] [INFO] Starting gunicorn 23.0.0
[2025-11-04 15:56:49 +0000] [1165422] [INFO] Listening at: http://0.0.0.0:5010 (1165422)
[2025-11-04 15:56:49 +0000] [1165422] [INFO] Using worker: sync
[2025-11-04 15:56:49 +0000] [1165423] [INFO] Booting worker with pid: 1165423
[2025-11-04 15:56:49 +0000] [1165424] [INFO] Booting worker with pid: 1165424
[2025-11-06 16:04:08 +0000] [1165422] [CRITICAL] WORKER TIMEOUT (pid:1165424)
[2025-11-06 16:04:08 +0000] [1165424] [ERROR] Error handling request /previsioni/da-ordine?file=UNIEURO-MIDEA-ELECTROLINE-PO+4503859518_59598_60145.pdf
Traceback (most recent call last):
  File "/srv/apps/previsioni/venv/lib/python3.13/site-packages/gunicorn/workers/sync.py", line 134, in handle
    self.handle_request(listener, req, client, addr)
    ~~~~~~~~~~~~~~~~~~~^^^^^^^^^^^^^^^^^^^^^^^^^^^^^
  File "/srv/apps/previsioni/venv/lib/python3.13/site-packages/gunicorn/workers/sync.py", line 177, in handle_request
    respiter = self.wsgi(environ, resp.start_response)
  File "/srv/apps/previsioni/venv/lib/python3.13/site-packages/flask/app.py", line 1498, in __call__
    return self.wsgi_app(environ, start_response)
           ~~~~~~~~~~~~~^^^^^^^^^^^^^^^^^^^^^^^^^
  File "/srv/apps/previsioni/venv/lib/python3.13/site-packages/flask/app.py", line 1473, in wsgi_app
    response = self.full_dispatch_request()
  File "/srv/apps/previsioni/venv/lib/python3.13/site-packages/flask/app.py", line 880, in full_dispatch_request
    rv = self.dispatch_request()
  File "/srv/apps/previsioni/venv/lib/python3.13/site-packages/flask/app.py", line 865, in dispatch_request
    return self.ensure_sync(self.view_functions[rule.endpoint])(**view_args)  # type: ignore[no-any-return]
           ~~~~~~~~~~~~~~~~~~~~~~~~~~~~~~~~~~~~~~~~~~~~~~~~~~~~^^^^^^^^^^^^^
  File "/srv/apps/previsioni/venv/lib/python3.13/site-packages/flask_login/utils.py", line 290, in decorated_view
    return current_app.ensure_sync(func)(*args, **kwargs)
           ~~~~~~~~~~~~~~~~~~~~~~~~~~~~~^^^^^^^^^^^^^^^^^
  File "/srv/apps/previsioni/routes/previsioni.py", line 419, in da_ordine
    load_data_if_needed()
    ~~~~~~~~~~~~~~~~~~~^^
  File "/srv/apps/previsioni/routes/previsioni.py", line 77, in load_data_if_needed
    _data_cache['df_affid_full'] = build_df_affid(df_componenti_full, _data_cache['df_rotture'])
                                   ~~~~~~~~~~~~~~^^^^^^^^^^^^^^^^^^^^^^^^^^^^^^^^^^^^^^^^^^^^^^^
  File "/srv/apps/previsioni/preprocessing.py", line 75, in build_df_affid
    "Data Acquisto": row["Data Acquisto"],
                     ~~~^^^^^^^^^^^^^^^^^
  File "/srv/apps/previsioni/venv/lib/python3.13/site-packages/pandas/core/series.py", line 1107, in __getitem__
    def __getitem__(self, key):
    
  File "/srv/apps/previsioni/venv/lib/python3.13/site-packages/gunicorn/workers/base.py", line 204, in handle_abort
    sys.exit(1)
    ~~~~~~~~^^^
SystemExit: 1
[2025-11-06 16:04:08 +0000] [1165424] [INFO] Worker exiting (pid: 1165424)
[2025-11-06 16:04:09 +0000] [1179487] [INFO] Booting worker with pid: 1179487
[2025-11-11 14:54:24 +0000] [1165423] [INFO] Worker exiting (pid: 1165423)
[2025-11-11 14:54:24 +0000] [1179487] [INFO] Worker exiting (pid: 1179487)
[2025-11-11 14:54:24 +0000] [1165422] [INFO] Handling signal: term
[2025-11-11 14:54:24 +0000] [1165422] [ERROR] Worker (pid:1179487) was sent SIGTERM!
[2025-11-11 14:54:24 +0000] [1165422] [ERROR] Worker (pid:1165423) was sent SIGTERM!
[2025-11-11 14:54:24 +0000] [1165422] [INFO] Shutting down: Master
[2025-11-11 14:56:46 +0000] [1214590] [INFO] Starting gunicorn 23.0.0
[2025-11-11 14:56:46 +0000] [1214590] [INFO] Listening at: http://0.0.0.0:5010 (1214590)
[2025-11-11 14:56:46 +0000] [1214590] [INFO] Using worker: sync
[2025-11-11 14:56:46 +0000] [1214591] [INFO] Booting worker with pid: 1214591
[2025-11-11 14:56:46 +0000] [1214592] [INFO] Booting worker with pid: 1214592
[2025-11-11 14:57:05 +0000] [1214592] [INFO] Worker exiting (pid: 1214592)
[2025-11-11 14:57:05 +0000] [1214591] [INFO] Worker exiting (pid: 1214591)
[2025-11-11 14:57:05 +0000] [1214590] [INFO] Handling signal: term
[2025-11-11 14:57:05 +0000] [1214590] [ERROR] Worker (pid:1214591) was sent SIGTERM!
[2025-11-11 14:57:05 +0000] [1214590] [ERROR] Worker (pid:1214592) was sent SIGTERM!
[2025-11-11 14:57:05 +0000] [1214590] [INFO] Shutting down: Master
[2025-11-11 14:57:08 +0000] [1214635] [INFO] Starting gunicorn 23.0.0
[2025-11-11 14:57:08 +0000] [1214635] [INFO] Listening at: http://0.0.0.0:5010 (1214635)
[2025-11-11 14:57:08 +0000] [1214635] [INFO] Using worker: sync
[2025-11-11 14:57:08 +0000] [1214636] [INFO] Booting worker with pid: 1214636
[2025-11-11 14:57:08 +0000] [1214637] [INFO] Booting worker with pid: 1214637
[2025-11-12 08:30:37 +0000] [1214637] [INFO] Worker exiting (pid: 1214637)
[2025-11-12 08:30:37 +0000] [1214635] [INFO] Handling signal: term
[2025-11-12 08:30:37 +0000] [1214636] [INFO] Worker exiting (pid: 1214636)
[2025-11-12 08:30:37 +0000] [1214635] [ERROR] Worker (pid:1214637) was sent SIGTERM!
[2025-11-12 08:30:38 +0000] [1214635] [INFO] Shutting down: Master
[2025-11-12 08:30:38 +0000] [1226212] [INFO] Starting gunicorn 23.0.0
[2025-11-12 08:30:38 +0000] [1226212] [INFO] Listening at: http://0.0.0.0:5010 (1226212)
[2025-11-12 08:30:38 +0000] [1226212] [INFO] Using worker: sync
[2025-11-12 08:30:38 +0000] [1226213] [INFO] Booting worker with pid: 1226213
[2025-11-12 08:30:38 +0000] [1226214] [INFO] Booting worker with pid: 1226214
[2025-11-12 08:35:24 +0000] [1226212] [CRITICAL] WORKER TIMEOUT (pid:1226214)
[2025-11-12 08:35:24 +0000] [1226214] [ERROR] Error handling request /previsioni/da-ordine?file=Unieuro-Hi+Sense_+Cooling+-+PO+No.+4511077191+-+ELECTROLINE+Brand.pdf
Traceback (most recent call last):
  File "/srv/apps/previsioni/venv/lib/python3.13/site-packages/gunicorn/workers/sync.py", line 134, in handle
    self.handle_request(listener, req, client, addr)
    ~~~~~~~~~~~~~~~~~~~^^^^^^^^^^^^^^^^^^^^^^^^^^^^^
  File "/srv/apps/previsioni/venv/lib/python3.13/site-packages/gunicorn/workers/sync.py", line 177, in handle_request
    respiter = self.wsgi(environ, resp.start_response)
  File "/srv/apps/previsioni/venv/lib/python3.13/site-packages/flask/app.py", line 1498, in __call__
    return self.wsgi_app(environ, start_response)
           ~~~~~~~~~~~~~^^^^^^^^^^^^^^^^^^^^^^^^^
  File "/srv/apps/previsioni/venv/lib/python3.13/site-packages/flask/app.py", line 1473, in wsgi_app
    response = self.full_dispatch_request()
  File "/srv/apps/previsioni/venv/lib/python3.13/site-packages/flask/app.py", line 880, in full_dispatch_request
    rv = self.dispatch_request()
  File "/srv/apps/previsioni/venv/lib/python3.13/site-packages/flask/app.py", line 865, in dispatch_request
    return self.ensure_sync(self.view_functions[rule.endpoint])(**view_args)  # type: ignore[no-any-return]
           ~~~~~~~~~~~~~~~~~~~~~~~~~~~~~~~~~~~~~~~~~~~~~~~~~~~~^^^^^^^^^^^^^
  File "/srv/apps/previsioni/venv/lib/python3.13/site-packages/flask_login/utils.py", line 290, in decorated_view
    return current_app.ensure_sync(func)(*args, **kwargs)
           ~~~~~~~~~~~~~~~~~~~~~~~~~~~~~^^^^^^^^^^^^^^^^^
  File "/srv/apps/previsioni/routes/previsioni.py", line 419, in da_ordine
    load_data_if_needed()
    ~~~~~~~~~~~~~~~~~~~^^
  File "/srv/apps/previsioni/routes/previsioni.py", line 77, in load_data_if_needed
    _data_cache['df_affid_full'] = build_df_affid(df_componenti_full, _data_cache['df_rotture'])
                                   ~~~~~~~~~~~~~~^^^^^^^^^^^^^^^^^^^^^^^^^^^^^^^^^^^^^^^^^^^^^^^
  File "/srv/apps/previsioni/preprocessing.py", line 69, in build_df_affid
    tempo_vita = (data_censura - row["Data Acquisto"]).days
                  ~~~~~~~~~~~~~^~~~~~~~~~~~~~~~~~~~~~
  File "pandas/_libs/tslibs/timestamps.pyx", line 529, in pandas._libs.tslibs.timestamps._Timestamp.__sub__
  File "pandas/_libs/tslibs/timedeltas.pyx", line 1645, in pandas._libs.tslibs.timedeltas._Timedelta._from_value_and_reso
  File "pandas/_libs/tslibs/timedeltas.pyx", line 969, in pandas._libs.tslibs.timedeltas._timedelta_from_value_and_reso
  File "/srv/apps/previsioni/venv/lib/python3.13/site-packages/gunicorn/workers/base.py", line 204, in handle_abort
    sys.exit(1)
    ~~~~~~~~^^^
SystemExit: 1
[2025-11-12 08:35:24 +0000] [1226214] [INFO] Worker exiting (pid: 1226214)
[2025-11-12 08:35:25 +0000] [1226270] [INFO] Booting worker with pid: 1226270
[2025-11-12 08:36:15 +0000] [1226212] [CRITICAL] WORKER TIMEOUT (pid:1226213)
[2025-11-12 08:36:15 +0000] [1226213] [ERROR] Error handling request /previsioni/da-ordine?file=UNIEURO-MIDEA-ELECTROLINE-PO+4503859518_59598_60145.pdf
Traceback (most recent call last):
  File "/srv/apps/previsioni/venv/lib/python3.13/site-packages/gunicorn/workers/sync.py", line 134, in handle
    self.handle_request(listener, req, client, addr)
    ~~~~~~~~~~~~~~~~~~~^^^^^^^^^^^^^^^^^^^^^^^^^^^^^
  File "/srv/apps/previsioni/venv/lib/python3.13/site-packages/gunicorn/workers/sync.py", line 177, in handle_request
    respiter = self.wsgi(environ, resp.start_response)
  File "/srv/apps/previsioni/venv/lib/python3.13/site-packages/flask/app.py", line 1498, in __call__
    return self.wsgi_app(environ, start_response)
           ~~~~~~~~~~~~~^^^^^^^^^^^^^^^^^^^^^^^^^
  File "/srv/apps/previsioni/venv/lib/python3.13/site-packages/flask/app.py", line 1473, in wsgi_app
    response = self.full_dispatch_request()
  File "/srv/apps/previsioni/venv/lib/python3.13/site-packages/flask/app.py", line 880, in full_dispatch_request
    rv = self.dispatch_request()
  File "/srv/apps/previsioni/venv/lib/python3.13/site-packages/flask/app.py", line 865, in dispatch_request
    return self.ensure_sync(self.view_functions[rule.endpoint])(**view_args)  # type: ignore[no-any-return]
           ~~~~~~~~~~~~~~~~~~~~~~~~~~~~~~~~~~~~~~~~~~~~~~~~~~~~^^^^^^^^^^^^^
  File "/srv/apps/previsioni/venv/lib/python3.13/site-packages/flask_login/utils.py", line 290, in decorated_view
    return current_app.ensure_sync(func)(*args, **kwargs)
           ~~~~~~~~~~~~~~~~~~~~~~~~~~~~~^^^^^^^^^^^^^^^^^
  File "/srv/apps/previsioni/routes/previsioni.py", line 419, in da_ordine
    load_data_if_needed()
    ~~~~~~~~~~~~~~~~~~~^^
  File "/srv/apps/previsioni/routes/previsioni.py", line 77, in load_data_if_needed
    _data_cache['df_affid_full'] = build_df_affid(df_componenti_full, _data_cache['df_rotture'])
                                   ~~~~~~~~~~~~~~^^^^^^^^^^^^^^^^^^^^^^^^^^^^^^^^^^^^^^^^^^^^^^^
  File "/srv/apps/previsioni/preprocessing.py", line 69, in build_df_affid
    tempo_vita = (data_censura - row["Data Acquisto"]).days
                  ~~~~~~~~~~~~~^~~~~~~~~~~~~~~~~~~~~~
  File "pandas/_libs/tslibs/timestamps.pyx", line 529, in pandas._libs.tslibs.timestamps._Timestamp.__sub__
  File "pandas/_libs/tslibs/timedeltas.pyx", line 1645, in pandas._libs.tslibs.timedeltas._Timedelta._from_value_and_reso
  File "pandas/_libs/tslibs/timedeltas.pyx", line 969, in pandas._libs.tslibs.timedeltas._timedelta_from_value_and_reso
  File "/srv/apps/previsioni/venv/lib/python3.13/site-packages/gunicorn/workers/base.py", line 204, in handle_abort
    sys.exit(1)
    ~~~~~~~~^^^
SystemExit: 1
[2025-11-12 08:36:15 +0000] [1226213] [INFO] Worker exiting (pid: 1226213)
[2025-11-12 08:36:16 +0000] [1226212] [ERROR] Worker (pid:1226213) was sent SIGKILL! Perhaps out of memory?
[2025-11-12 08:36:16 +0000] [1226291] [INFO] Booting worker with pid: 1226291
[2025-11-12 10:30:24 +0000] [1226270] [INFO] Worker exiting (pid: 1226270)
[2025-11-12 10:30:24 +0000] [1226291] [INFO] Worker exiting (pid: 1226291)
[2025-11-12 10:30:24 +0000] [1226212] [INFO] Handling signal: term
[2025-11-12 10:30:24 +0000] [1226212] [ERROR] Worker (pid:1226291) was sent SIGTERM!
[2025-11-12 10:30:24 +0000] [1226212] [ERROR] Worker (pid:1226270) was sent SIGTERM!
[2025-11-12 10:30:24 +0000] [1226212] [INFO] Shutting down: Master
[2025-11-12 10:32:42 +0000] [1245241] [INFO] Starting gunicorn 23.0.0
[2025-11-12 10:32:42 +0000] [1245241] [INFO] Listening at: http://0.0.0.0:5010 (1245241)
[2025-11-12 10:32:42 +0000] [1245241] [INFO] Using worker: sync
[2025-11-12 10:32:42 +0000] [1245242] [INFO] Booting worker with pid: 1245242
[2025-11-12 10:32:42 +0000] [1245243] [INFO] Booting worker with pid: 1245243
[2025-11-12 10:36:11 +0000] [1245241] [CRITICAL] WORKER TIMEOUT (pid:1245242)
[2025-11-12 10:36:11 +0000] [1245242] [ERROR] Error handling request /previsioni/
Traceback (most recent call last):
  File "/srv/apps/previsioni/venv/lib/python3.13/site-packages/gunicorn/workers/sync.py", line 134, in handle
    self.handle_request(listener, req, client, addr)
    ~~~~~~~~~~~~~~~~~~~^^^^^^^^^^^^^^^^^^^^^^^^^^^^^
  File "/srv/apps/previsioni/venv/lib/python3.13/site-packages/gunicorn/workers/sync.py", line 177, in handle_request
    respiter = self.wsgi(environ, resp.start_response)
  File "/srv/apps/previsioni/venv/lib/python3.13/site-packages/flask/app.py", line 1498, in __call__
    return self.wsgi_app(environ, start_response)
           ~~~~~~~~~~~~~^^^^^^^^^^^^^^^^^^^^^^^^^
  File "/srv/apps/previsioni/venv/lib/python3.13/site-packages/flask/app.py", line 1473, in wsgi_app
    response = self.full_dispatch_request()
  File "/srv/apps/previsioni/venv/lib/python3.13/site-packages/flask/app.py", line 880, in full_dispatch_request
    rv = self.dispatch_request()
  File "/srv/apps/previsioni/venv/lib/python3.13/site-packages/flask/app.py", line 865, in dispatch_request
    return self.ensure_sync(self.view_functions[rule.endpoint])(**view_args)  # type: ignore[no-any-return]
           ~~~~~~~~~~~~~~~~~~~~~~~~~~~~~~~~~~~~~~~~~~~~~~~~~~~~^^^^^^^^^^^^^
  File "/srv/apps/previsioni/venv/lib/python3.13/site-packages/flask_login/utils.py", line 290, in decorated_view
    return current_app.ensure_sync(func)(*args, **kwargs)
           ~~~~~~~~~~~~~~~~~~~~~~~~~~~~~^^^^^^^^^^^^^^^^^
  File "/srv/apps/previsioni/routes/previsioni.py", line 317, in index
    load_data_if_needed()
    ~~~~~~~~~~~~~~~~~~~^^
  File "/srv/apps/previsioni/routes/previsioni.py", line 77, in load_data_if_needed
    _data_cache['df_affid_full'] = build_df_affid(df_componenti_full, _data_cache['df_rotture'])
                                   ~~~~~~~~~~~~~~^^^^^^^^^^^^^^^^^^^^^^^^^^^^^^^^^^^^^^^^^^^^^^^
  File "/srv/apps/previsioni/preprocessing.py", line 69, in build_df_affid
    tempo_vita = (data_censura - row["Data Acquisto"]).days
                  ~~~~~~~~~~~~~^~~~~~~~~~~~~~~~~~~~~~
  File "pandas/_libs/tslibs/timestamps.pyx", line 529, in pandas._libs.tslibs.timestamps._Timestamp.__sub__
  File "pandas/_libs/tslibs/timedeltas.pyx", line 1645, in pandas._libs.tslibs.timedeltas._Timedelta._from_value_and_reso
  File "pandas/_libs/tslibs/timedeltas.pyx", line 969, in pandas._libs.tslibs.timedeltas._timedelta_from_value_and_reso
  File "/srv/apps/previsioni/venv/lib/python3.13/site-packages/gunicorn/workers/base.py", line 204, in handle_abort
    sys.exit(1)
    ~~~~~~~~^^^
SystemExit: 1
[2025-11-12 10:36:11 +0000] [1245242] [INFO] Worker exiting (pid: 1245242)
[2025-11-12 10:36:12 +0000] [1245241] [ERROR] Worker (pid:1245242) was sent SIGKILL! Perhaps out of memory?
[2025-11-12 10:36:12 +0000] [1245291] [INFO] Booting worker with pid: 1245291
