2025-10-31 11:09:32,413 CRIT Supervisor is running as root.  Privileges were not dropped because no user is specified in the config file.  If you intend to run as root, you can set user=root in the config file to avoid this message.
2025-10-31 11:09:32,413 WARN No file matches via include "/etc/supervisor/conf.d/*.conf"
2025-10-31 11:09:32,418 INFO RPC interface 'supervisor' initialized
2025-10-31 11:09:32,418 CRIT Server 'unix_http_server' running without any HTTP authentication checking
2025-10-31 11:09:32,418 INFO supervisord started with pid 22005
2025-11-04 10:21:28,845 INFO spawned: 'previsioni' with pid 1147761
2025-11-04 10:21:28,854 WARN exited: previsioni (exit status 127; not expected)
2025-11-04 10:21:29,858 INFO spawned: 'previsioni' with pid 1147766
2025-11-04 10:21:29,867 WARN exited: previsioni (exit status 127; not expected)
2025-11-04 10:21:31,873 INFO spawned: 'previsioni' with pid 1147774
2025-11-04 10:21:31,882 WARN exited: previsioni (exit status 127; not expected)
2025-11-04 10:21:34,888 INFO spawned: 'previsioni' with pid 1147785
2025-11-04 10:21:34,897 WARN exited: previsioni (exit status 127; not expected)
2025-11-04 10:21:35,899 INFO gave up: previsioni entered FATAL state, too many start retries too quickly
2025-11-04 10:21:41,640 INFO spawned: 'previsioni' with pid 1147811
2025-11-04 10:21:41,649 WARN exited: previsioni (exit status 127; not expected)
2025-11-04 10:21:42,652 INFO spawned: 'previsioni' with pid 1147816
2025-11-04 10:21:42,662 WARN exited: previsioni (exit status 127; not expected)
2025-11-04 10:21:44,668 INFO spawned: 'previsioni' with pid 1147823
2025-11-04 10:21:44,678 WARN exited: previsioni (exit status 127; not expected)
2025-11-04 10:21:47,684 INFO spawned: 'previsioni' with pid 1147835
2025-11-04 10:21:47,693 WARN exited: previsioni (exit status 127; not expected)
2025-11-04 10:21:48,695 INFO gave up: previsioni entered FATAL state, too many start retries too quickly
2025-11-04 10:22:44,761 INFO spawned: 'previsioni' with pid 1148037
2025-11-04 10:22:44,771 WARN exited: previsioni (exit status 127; not expected)
2025-11-04 10:22:45,774 INFO spawned: 'previsioni' with pid 1148042
2025-11-04 10:22:45,784 WARN exited: previsioni (exit status 127; not expected)
2025-11-04 10:22:47,788 INFO spawned: 'previsioni' with pid 1148050
2025-11-04 10:22:47,798 WARN exited: previsioni (exit status 127; not expected)
2025-11-04 10:22:50,804 INFO spawned: 'previsioni' with pid 1148061
2025-11-04 10:22:50,813 WARN exited: previsioni (exit status 127; not expected)
2025-11-04 10:22:51,814 INFO gave up: previsioni entered FATAL state, too many start retries too quickly
2025-11-04 10:22:52,756 INFO spawned: 'previsioni' with pid 1148072
2025-11-04 10:22:52,765 WARN exited: previsioni (exit status 127; not expected)
2025-11-04 10:22:53,769 INFO spawned: 'previsioni' with pid 1148076
2025-11-04 10:22:53,778 WARN exited: previsioni (exit status 127; not expected)
2025-11-04 10:22:55,784 INFO spawned: 'previsioni' with pid 1148084
2025-11-04 10:22:55,794 WARN exited: previsioni (exit status 127; not expected)
2025-11-04 10:22:58,800 INFO spawned: 'previsioni' with pid 1148095
2025-11-04 10:22:58,809 WARN exited: previsioni (exit status 127; not expected)
2025-11-04 10:22:59,810 INFO gave up: previsioni entered FATAL state, too many start retries too quickly
2025-11-04 10:24:06,251 INFO spawned: 'previsioni' with pid 1148334
2025-11-04 10:24:07,479 INFO success: previsioni entered RUNNING state, process has stayed up for > than 1 seconds (startsecs)
2025-11-04 10:26:02,390 INFO waiting for previsioni to stop
2025-11-04 10:26:02,524 INFO stopped: previsioni (exit status 0)
2025-11-04 10:26:03,529 INFO spawned: 'previsioni' with pid 1148777
2025-11-04 10:26:04,738 INFO success: previsioni entered RUNNING state, process has stayed up for > than 1 seconds (startsecs)
2025-11-04 11:25:03,743 INFO waiting for previsioni to stop
2025-11-04 11:25:03,879 INFO stopped: previsioni (exit status 0)
2025-11-04 11:25:38,488 INFO spawned: 'previsioni' with pid 1162074
2025-11-04 11:25:39,705 INFO success: previsioni entered RUNNING state, process has stayed up for > than 1 seconds (startsecs)
2025-11-04 11:26:53,101 INFO waiting for previsioni to stop
2025-11-04 11:26:53,234 INFO stopped: previsioni (exit status 0)
2025-11-04 11:29:38,926 INFO spawned: 'previsioni' with pid 1162825
2025-11-04 11:29:40,160 INFO success: previsioni entered RUNNING state, process has stayed up for > than 1 seconds (startsecs)
2025-11-04 11:32:55,594 WARN exited: previsioni (terminated by SIGKILL; not expected)
2025-11-04 11:32:55,596 INFO spawned: 'previsioni' with pid 1162897
2025-11-04 11:32:56,767 INFO success: previsioni entered RUNNING state, process has stayed up for > than 1 seconds (startsecs)
2025-11-04 11:36:12,372 INFO waiting for previsioni to stop
2025-11-04 11:36:12,505 INFO stopped: previsioni (exit status 0)
2025-11-04 11:36:26,463 INFO spawned: 'previsioni' with pid 1162995
2025-11-04 11:36:27,659 INFO success: previsioni entered RUNNING state, process has stayed up for > than 1 seconds (startsecs)
2025-11-04 11:36:49,850 INFO waiting for previsioni to stop
2025-11-04 11:36:49,982 INFO stopped: previsioni (exit status 0)
2025-11-04 11:37:40,917 INFO spawned: 'previsioni' with pid 1163042
2025-11-04 11:37:42,117 INFO success: previsioni entered RUNNING state, process has stayed up for > than 1 seconds (startsecs)
2025-11-04 11:38:04,552 INFO waiting for previsioni to stop
2025-11-04 11:38:04,685 INFO stopped: previsioni (exit status 0)
2025-11-04 11:38:04,689 INFO spawned: 'previsioni' with pid 1163080
2025-11-04 11:38:05,949 INFO success: previsioni entered RUNNING state, process has stayed up for > than 1 seconds (startsecs)
2025-11-04 15:54:11,532 INFO waiting for previsioni to stop
2025-11-04 15:54:11,665 INFO stopped: previsioni (exit status 0)
2025-11-04 15:56:49,480 INFO spawned: 'previsioni' with pid 1165422
2025-11-04 15:56:50,670 INFO success: previsioni entered RUNNING state, process has stayed up for > than 1 seconds (startsecs)
2025-11-11 14:54:24,364 INFO waiting for previsioni to stop
2025-11-11 14:54:24,497 INFO stopped: previsioni (exit status 0)
2025-11-11 14:56:46,626 INFO spawned: 'previsioni' with pid 1214590
2025-11-11 14:56:47,821 INFO success: previsioni entered RUNNING state, process has stayed up for > than 1 seconds (startsecs)
2025-11-11 14:57:05,328 INFO waiting for previsioni to stop
2025-11-11 14:57:05,461 INFO stopped: previsioni (exit status 0)
2025-11-11 14:57:08,029 INFO spawned: 'previsioni' with pid 1214635
2025-11-11 14:57:09,267 INFO success: previsioni entered RUNNING state, process has stayed up for > than 1 seconds (startsecs)
2025-11-12 08:30:37,861 INFO waiting for previsioni to stop
2025-11-12 08:30:38,394 INFO stopped: previsioni (exit status 0)
2025-11-12 08:30:38,398 INFO spawned: 'previsioni' with pid 1226212
2025-11-12 08:30:39,664 INFO success: previsioni entered RUNNING state, process has stayed up for > than 1 seconds (startsecs)
2025-11-12 10:30:24,363 INFO waiting for previsioni to stop
2025-11-12 10:30:24,496 INFO stopped: previsioni (exit status 0)
2025-11-12 10:32:42,573 INFO spawned: 'previsioni' with pid 1245241
2025-11-12 10:32:43,819 INFO success: previsioni entered RUNNING state, process has stayed up for > than 1 seconds (startsecs)
